1 10 20
100 200 125
201 210 89
900 1000 174
1000 900 174
210 201 89
200 100 125
10 1 20
1 1 1
1 2 2
2 1 2
999999 999999 259
999998 999999 259
999999 999998 259
10 20 21
30 40 107
50 60 113
70 80 116
90 100 119
350 750 171
355 755 171
360 760 171
365 765 171
370 770 171
375 775 171
380 780 171
500 4342 238
51243 23425 324
23542 23464 282
645635 563333 447
356565 345643 441
85674 6365 351
543253 435344 470
34543 35435 280
5345 34534 311
534534 76756 470
98968 63546 351
245545 43567 443
68609 76473 325
74584 45235 340
8748 56887 340
134555 779777 470
48030 39 324
3209 998430 476
36200 1 324
999999 44 476
387392 38202 443
82 28392 308
3720 32003 308
39200 3929 324
38293 283 324
392 38 144
40 380404 443
204302 84830 383
9 4949 238
10101 101 262
385030 83747 443
399 839 171
5720 890 238
2847 284920 443
999820 809389 476
830394 84024 470
98304 4839 351
430403 49025 449
58 49038 324
9403 90384 351
2 393 144
2 4802 238
20498 4829 279
320493 3920 443
38283 3540 324
9 9430 262
99 490 144
58 8204 262
4895 48039 324
4803 48939 324
6580 209405 383
4793 590 238
49 2049 182
60598 284509 443
90 46798 324
309 2098 182
267 409895 443
4980 4802 210
482098 480298 382
472 2499 209
12987 3098 268
60489 2374 340
40598 60948 340
3630 37403 324
639204 483947 470
947248 384384 476
2649 4720 238
4789 26 238
7 47 112
3820 42048 324
847 2470 209
470 9470 262
3462 345278 443
468 4694 238
63928 3792 340
2398 3729 238
372 374003 443
348 2049 182
